<?xml version="1.0" encoding="UTF-8"?>
<testsuite xmlns:xsi="http://www.w3.org/2001/XMLSchema-instance" xsi:noNamespaceSchemaLocation="https://maven.apache.org/surefire/maven-surefire-plugin/xsd/surefire-test-report.xsd" name="ru.netology.domain.RadioTest" time="0.23" tests="4" errors="0" skipped="0" failures="0">
  <properties>
[...]
</properties>
  <testcase name="shouldnnextRadioStation" classname="ru.netology.domain.RadioTest" time="0.102"/>
  <testcase name="shouldincreaseSound" classname="ru.netology.domain.RadioTest" time="0.046"/>
  <testcase name="shouldprevRadioStation" classname="ru.netology.domain.RadioTest" time="0.003"/>
  <testcase name="shoulddecreaseSound" classname="ru.netology.domain.RadioTest" time="0.002"/>
</testsuite>